<?xml version="1.0" encoding="UTF-8"?>
<!-- Generated by org.testng.reporters.JUnitXMLReporter -->
<testsuite hostname="HIBACL54346" name="Default test" tests="3" failures="0" timestamp="15 Sep 2017 12:41:34 GMT" time="53.821" errors="0">
  <testcase name="LoginApp" time="6.723" classname="demo_package.ReadDataFromExcel"/>
  <testcase name="LoginApp" time="6.037" classname="demo_package.ReadDataFromExcel"/>
  <testcase name="LoginApp" time="5.066" classname="demo_package.ReadDataFromExcel"/>
</testsuite> <!-- Default test -->
