<?xml version="1.0" encoding="UTF-8"?>
<!-- Generated by org.testng.reporters.JUnitXMLReporter -->
<testsuite hostname="HIBACL54346" name="testGuru" tests="1" failures="1" timestamp="27 Jul 2017 13:39:29 GMT" time="14.218" errors="0">
  <testcase name="Guru_Login" time="3.796" classname="demo_package.Guru99_Login">
    <failure type="org.openqa.selenium.UnhandledAlertException" message="Modal dialog present: User or Password is not valid
Build info: version: &amp;apos;2.43.0&amp;apos;, revision: &amp;apos;597b76b&amp;apos;, time: &amp;apos;2014-09-09 20:52:38&amp;apos;
System info: host: &amp;apos;HIBACL54346&amp;apos;, ip: &amp;apos;10.99.83.236&amp;apos;, os.name: &amp;apos;Windows 7&amp;apos;, os.arch: &amp;apos;amd64&amp;apos;, os.version: &amp;apos;6.1&amp;apos;, java.version: &amp;apos;1.8.0_60&amp;apos;
Driver info: org.openqa.selenium.firefox.FirefoxDriver
Capabilities [{applicationCacheEnabled=true, rotatable=false, handlesAlerts=true, databaseEnabled=true, version=33.1.1, platform=WINDOWS, nativeEvents=false, acceptSslCerts=true, webStorageEnabled=true, locationContextEnabled=true, browserName=firefox, takesScreenshot=true, javascriptEnabled=true, cssSelectorsEnabled=true}]
Session ID: ff9211b2-0a5d-4848-9b7a-6f7d816d33b9">
      <![CDATA[org.openqa.selenium.UnhandledAlertException: Modal dialog present: User or Password is not valid
Build info: version: '2.43.0', revision: '597b76b', time: '2014-09-09 20:52:38'
System info: host: 'HIBACL54346', ip: '10.99.83.236', os.name: 'Windows 7', os.arch: 'amd64', os.version: '6.1', java.version: '1.8.0_60'
Driver info: org.openqa.selenium.firefox.FirefoxDriver
Capabilities [{applicationCacheEnabled=true, rotatable=false, handlesAlerts=true, databaseEnabled=true, version=33.1.1, platform=WINDOWS, nativeEvents=false, acceptSslCerts=true, webStorageEnabled=true, locationContextEnabled=true, browserName=firefox, takesScreenshot=true, javascriptEnabled=true, cssSelectorsEnabled=true}]
Session ID: ff9211b2-0a5d-4848-9b7a-6f7d816d33b9
	at org.openqa.selenium.remote.ErrorHandler.createThrowable(ErrorHandler.java:204)
	at org.openqa.selenium.remote.ErrorHandler.createUnhandledAlertException(ErrorHandler.java:185)
	at org.openqa.selenium.remote.ErrorHandler.throwIfResponseFailed(ErrorHandler.java:152)
	at org.openqa.selenium.remote.RemoteWebDriver.execute(RemoteWebDriver.java:599)
	at org.openqa.selenium.remote.RemoteWebDriver.findElement(RemoteWebDriver.java:352)
	at org.openqa.selenium.remote.RemoteWebDriver.findElementByLinkText(RemoteWebDriver.java:401)
	at org.openqa.selenium.By$ByLinkText.findElement(By.java:242)
	at org.openqa.selenium.remote.RemoteWebDriver.findElement(RemoteWebDriver.java:344)
	at demo_package.Guru99_Login.Guru_Login(Guru99_Login.java:24)
... Removed 28 stack frames]]>
    </failure>
  </testcase> <!-- Guru_Login -->
</testsuite> <!-- testGuru -->
