<?xml version="1.0" encoding="UTF-8"?>
<testng-results skipped="0" failed="0" ignored="0" total="1" passed="1">
  <reporter-output>
  </reporter-output>
  <suite name="Default suite" duration-ms="14508" started-at="2017-09-15T14:14:27Z" finished-at="2017-09-15T14:14:42Z">
    <groups>
    </groups>
    <test name="Default test" duration-ms="14508" started-at="2017-09-15T14:14:27Z" finished-at="2017-09-15T14:14:42Z">
      <class name="demo_selenium_3.PhantomJS">
        <test-method status="PASS" signature="PhantomJSTest()[pri:0, instance:demo_selenium_3.PhantomJS@1d057a39]" name="PhantomJSTest" duration-ms="14483" started-at="2017-09-15T19:44:27Z" finished-at="2017-09-15T19:44:42Z">
          <reporter-output>
          </reporter-output>
        </test-method> <!-- PhantomJSTest -->
      </class> <!-- demo_selenium_3.PhantomJS -->
    </test> <!-- Default test -->
  </suite> <!-- Default suite -->
</testng-results>
